<?xml version="1.0" encoding="UTF-8"?>
<coverage generated="1645728364581" clover="3.2.0">
  <project timestamp="1645728364581" name="All files">
    <metrics statements="39" coveredstatements="29" conditionals="35" coveredconditionals="21" methods="3" coveredmethods="3" elements="77" coveredelements="53" complexity="0" loc="39" ncloc="39" packages="1" files="1" classes="1"/>
    <file name="gilded_rose.js" path="/Users/mateuszdiak/Documents/Projects/week10/GildedRose-Refactoring-Kata/src/gilded_rose.js">
      <metrics statements="39" coveredstatements="29" conditionals="35" coveredconditionals="21" methods="3" coveredmethods="3"/>
      <line num="5" count="11" type="stmt"/>
      <line num="7" count="11" type="stmt"/>
      <line num="9" count="11" type="stmt"/>
      <line num="15" count="11" type="stmt"/>
      <line num="20" count="11" type="stmt"/>
      <line num="22" count="9" type="cond" truecount="2" falsecount="0"/>
      <line num="27" count="4" type="cond" truecount="2" falsecount="0"/>
      <line num="29" count="3" type="cond" truecount="1" falsecount="1"/>
      <line num="31" count="3" type="stmt"/>
      <line num="32" count="3" type="stmt"/>
      <line num="38" count="5" type="cond" truecount="2" falsecount="0"/>
      <line num="40" count="3" type="stmt"/>
      <line num="41" count="3" type="stmt"/>
      <line num="43" count="3" type="cond" truecount="1" falsecount="1"/>
      <line num="47" count="0" type="cond" truecount="0" falsecount="2"/>
      <line num="49" count="0" type="cond" truecount="0" falsecount="2"/>
      <line num="51" count="0" type="stmt"/>
      <line num="52" count="0" type="stmt"/>
      <line num="56" count="0" type="cond" truecount="0" falsecount="2"/>
      <line num="58" count="0" type="cond" truecount="0" falsecount="2"/>
      <line num="60" count="0" type="stmt"/>
      <line num="61" count="0" type="stmt"/>
      <line num="69" count="9" type="cond" truecount="1" falsecount="1"/>
      <line num="71" count="9" type="stmt"/>
      <line num="72" count="9" type="stmt"/>
      <line num="76" count="9" type="cond" truecount="2" falsecount="0"/>
      <line num="78" count="6" type="cond" truecount="2" falsecount="0"/>
      <line num="80" count="3" type="cond" truecount="1" falsecount="1"/>
      <line num="84" count="3" type="cond" truecount="2" falsecount="0"/>
      <line num="86" count="2" type="cond" truecount="1" falsecount="1"/>
      <line num="88" count="2" type="stmt"/>
      <line num="89" count="2" type="stmt"/>
      <line num="95" count="0" type="stmt"/>
      <line num="96" count="0" type="stmt"/>
      <line num="101" count="3" type="cond" truecount="2" falsecount="0"/>
      <line num="103" count="2" type="stmt"/>
      <line num="104" count="2" type="stmt"/>
      <line num="110" count="11" type="stmt"/>
      <line num="114" count="1" type="stmt"/>
    </file>
  </project>
</coverage>
