{"/Users/mateuszdiak/Documents/Projects/week10/GildedRose-Refactoring-Kata/src/gilded_rose.js": {"path":"/Users/mateuszdiak/Documents/Projects/week10/GildedRose-Refactoring-Kata/src/gilded_rose.js","statementMap":{"0":{"start":{"line":5,"column":4},"end":{"line":5,"column":21}},"1":{"start":{"line":7,"column":4},"end":{"line":7,"column":25}},"2":{"start":{"line":9,"column":4},"end":{"line":9,"column":27}},"3":{"start":{"line":15,"column":4},"end":{"line":15,"column":23}},"4":{"start":{"line":20,"column":4},"end":{"line":108,"column":5}},"5":{"start":{"line":20,"column":17},"end":{"line":20,"column":18}},"6":{"start":{"line":22,"column":6},"end":{"line":66,"column":7}},"7":{"start":{"line":27,"column":8},"end":{"line":34,"column":9}},"8":{"start":{"line":29,"column":10},"end":{"line":33,"column":11}},"9":{"start":{"line":31,"column":12},"end":{"line":31,"column":54}},"10":{"start":{"line":32,"column":12},"end":{"line":32,"column":62}},"11":{"start":{"line":38,"column":8},"end":{"line":65,"column":9}},"12":{"start":{"line":40,"column":10},"end":{"line":40,"column":53}},"13":{"start":{"line":41,"column":10},"end":{"line":41,"column":60}},"14":{"start":{"line":43,"column":10},"end":{"line":64,"column":11}},"15":{"start":{"line":47,"column":12},"end":{"line":54,"column":13}},"16":{"start":{"line":49,"column":14},"end":{"line":53,"column":15}},"17":{"start":{"line":51,"column":16},"end":{"line":51,"column":58}},"18":{"start":{"line":52,"column":16},"end":{"line":52,"column":66}},"19":{"start":{"line":56,"column":12},"end":{"line":63,"column":13}},"20":{"start":{"line":58,"column":14},"end":{"line":62,"column":15}},"21":{"start":{"line":60,"column":16},"end":{"line":60,"column":58}},"22":{"start":{"line":61,"column":16},"end":{"line":61,"column":66}},"23":{"start":{"line":69,"column":6},"end":{"line":73,"column":7}},"24":{"start":{"line":71,"column":8},"end":{"line":71,"column":50}},"25":{"start":{"line":72,"column":8},"end":{"line":72,"column":56}},"26":{"start":{"line":76,"column":6},"end":{"line":107,"column":7}},"27":{"start":{"line":78,"column":8},"end":{"line":106,"column":9}},"28":{"start":{"line":80,"column":10},"end":{"line":97,"column":11}},"29":{"start":{"line":84,"column":12},"end":{"line":91,"column":13}},"30":{"start":{"line":86,"column":14},"end":{"line":90,"column":15}},"31":{"start":{"line":88,"column":16},"end":{"line":88,"column":59}},"32":{"start":{"line":89,"column":16},"end":{"line":89,"column":66}},"33":{"start":{"line":95,"column":12},"end":{"line":95,"column":54}},"34":{"start":{"line":96,"column":12},"end":{"line":96,"column":82}},"35":{"start":{"line":101,"column":10},"end":{"line":105,"column":11}},"36":{"start":{"line":103,"column":12},"end":{"line":103,"column":54}},"37":{"start":{"line":104,"column":12},"end":{"line":104,"column":62}},"38":{"start":{"line":110,"column":4},"end":{"line":110,"column":22}},"39":{"start":{"line":114,"column":0},"end":{"line":117,"column":2}}},"fnMap":{"0":{"name":"(anonymous_0)","decl":{"start":{"line":3,"column":2},"end":{"line":3,"column":3}},"loc":{"start":{"line":3,"column":37},"end":{"line":10,"column":3}},"line":3},"1":{"name":"(anonymous_1)","decl":{"start":{"line":14,"column":2},"end":{"line":14,"column":3}},"loc":{"start":{"line":14,"column":26},"end":{"line":16,"column":3}},"line":14},"2":{"name":"(anonymous_2)","decl":{"start":{"line":18,"column":2},"end":{"line":18,"column":3}},"loc":{"start":{"line":18,"column":18},"end":{"line":111,"column":3}},"line":18}},"branchMap":{"0":{"loc":{"start":{"line":14,"column":14},"end":{"line":14,"column":24}},"type":"default-arg","locations":[{"start":{"line":14,"column":22},"end":{"line":14,"column":24}}],"line":14},"1":{"loc":{"start":{"line":22,"column":6},"end":{"line":66,"column":7}},"type":"if","locations":[{"start":{"line":22,"column":6},"end":{"line":66,"column":7}},{"start":{"line":36,"column":13},"end":{"line":66,"column":7}}],"line":22},"2":{"loc":{"start":{"line":23,"column":8},"end":{"line":24,"column":73}},"type":"binary-expr","locations":[{"start":{"line":23,"column":8},"end":{"line":23,"column":41}},{"start":{"line":24,"column":8},"end":{"line":24,"column":73}}],"line":23},"3":{"loc":{"start":{"line":27,"column":8},"end":{"line":34,"column":9}},"type":"if","locations":[{"start":{"line":27,"column":8},"end":{"line":34,"column":9}},{"start":{},"end":{}}],"line":27},"4":{"loc":{"start":{"line":29,"column":10},"end":{"line":33,"column":11}},"type":"if","locations":[{"start":{"line":29,"column":10},"end":{"line":33,"column":11}},{"start":{},"end":{}}],"line":29},"5":{"loc":{"start":{"line":38,"column":8},"end":{"line":65,"column":9}},"type":"if","locations":[{"start":{"line":38,"column":8},"end":{"line":65,"column":9}},{"start":{},"end":{}}],"line":38},"6":{"loc":{"start":{"line":43,"column":10},"end":{"line":64,"column":11}},"type":"if","locations":[{"start":{"line":43,"column":10},"end":{"line":64,"column":11}},{"start":{},"end":{}}],"line":43},"7":{"loc":{"start":{"line":47,"column":12},"end":{"line":54,"column":13}},"type":"if","locations":[{"start":{"line":47,"column":12},"end":{"line":54,"column":13}},{"start":{},"end":{}}],"line":47},"8":{"loc":{"start":{"line":49,"column":14},"end":{"line":53,"column":15}},"type":"if","locations":[{"start":{"line":49,"column":14},"end":{"line":53,"column":15}},{"start":{},"end":{}}],"line":49},"9":{"loc":{"start":{"line":56,"column":12},"end":{"line":63,"column":13}},"type":"if","locations":[{"start":{"line":56,"column":12},"end":{"line":63,"column":13}},{"start":{},"end":{}}],"line":56},"10":{"loc":{"start":{"line":58,"column":14},"end":{"line":62,"column":15}},"type":"if","locations":[{"start":{"line":58,"column":14},"end":{"line":62,"column":15}},{"start":{},"end":{}}],"line":58},"11":{"loc":{"start":{"line":69,"column":6},"end":{"line":73,"column":7}},"type":"if","locations":[{"start":{"line":69,"column":6},"end":{"line":73,"column":7}},{"start":{},"end":{}}],"line":69},"12":{"loc":{"start":{"line":76,"column":6},"end":{"line":107,"column":7}},"type":"if","locations":[{"start":{"line":76,"column":6},"end":{"line":107,"column":7}},{"start":{},"end":{}}],"line":76},"13":{"loc":{"start":{"line":78,"column":8},"end":{"line":106,"column":9}},"type":"if","locations":[{"start":{"line":78,"column":8},"end":{"line":106,"column":9}},{"start":{"line":99,"column":15},"end":{"line":106,"column":9}}],"line":78},"14":{"loc":{"start":{"line":80,"column":10},"end":{"line":97,"column":11}},"type":"if","locations":[{"start":{"line":80,"column":10},"end":{"line":97,"column":11}},{"start":{"line":93,"column":17},"end":{"line":97,"column":11}}],"line":80},"15":{"loc":{"start":{"line":84,"column":12},"end":{"line":91,"column":13}},"type":"if","locations":[{"start":{"line":84,"column":12},"end":{"line":91,"column":13}},{"start":{},"end":{}}],"line":84},"16":{"loc":{"start":{"line":86,"column":14},"end":{"line":90,"column":15}},"type":"if","locations":[{"start":{"line":86,"column":14},"end":{"line":90,"column":15}},{"start":{},"end":{}}],"line":86},"17":{"loc":{"start":{"line":101,"column":10},"end":{"line":105,"column":11}},"type":"if","locations":[{"start":{"line":101,"column":10},"end":{"line":105,"column":11}},{"start":{},"end":{}}],"line":101}},"s":{"0":11,"1":11,"2":11,"3":11,"4":11,"5":11,"6":9,"7":4,"8":3,"9":3,"10":3,"11":5,"12":3,"13":3,"14":3,"15":0,"16":0,"17":0,"18":0,"19":0,"20":0,"21":0,"22":0,"23":9,"24":9,"25":9,"26":9,"27":6,"28":3,"29":3,"30":2,"31":2,"32":2,"33":0,"34":0,"35":3,"36":2,"37":2,"38":11,"39":1},"f":{"0":11,"1":11,"2":11},"b":{"0":[0],"1":[4,5],"2":[9,4],"3":[3,1],"4":[3,0],"5":[3,2],"6":[0,3],"7":[0,0],"8":[0,0],"9":[0,0],"10":[0,0],"11":[9,0],"12":[6,3],"13":[3,3],"14":[3,0],"15":[2,1],"16":[2,0],"17":[2,1]},"_coverageSchema":"1a1c01bbd47fc00a2c39e90264f33305004495a9","hash":"e043fc0a4fbcd60254c0dbd22ec444eb88dad478"}
}
