TN:
SF:src/gilded_rose.js
FN:3,(anonymous_0)
FN:14,(anonymous_1)
FN:18,(anonymous_2)
FNF:3
FNH:3
FNDA:11,(anonymous_0)
FNDA:11,(anonymous_1)
FNDA:11,(anonymous_2)
DA:5,11
DA:7,11
DA:9,11
DA:15,11
DA:20,11
DA:22,9
DA:27,4
DA:29,3
DA:31,3
DA:32,3
DA:38,5
DA:40,3
DA:41,3
DA:43,3
DA:47,0
DA:49,0
DA:51,0
DA:52,0
DA:56,0
DA:58,0
DA:60,0
DA:61,0
DA:69,9
DA:71,9
DA:72,9
DA:76,9
DA:78,6
DA:80,3
DA:84,3
DA:86,2
DA:88,2
DA:89,2
DA:95,0
DA:96,0
DA:101,3
DA:103,2
DA:104,2
DA:110,11
DA:114,1
LF:39
LH:29
BRDA:14,0,0,0
BRDA:22,1,0,4
BRDA:22,1,1,5
BRDA:23,2,0,9
BRDA:23,2,1,4
BRDA:27,3,0,3
BRDA:27,3,1,1
BRDA:29,4,0,3
BRDA:29,4,1,0
BRDA:38,5,0,3
BRDA:38,5,1,2
BRDA:43,6,0,0
BRDA:43,6,1,3
BRDA:47,7,0,0
BRDA:47,7,1,0
BRDA:49,8,0,0
BRDA:49,8,1,0
BRDA:56,9,0,0
BRDA:56,9,1,0
BRDA:58,10,0,0
BRDA:58,10,1,0
BRDA:69,11,0,9
BRDA:69,11,1,0
BRDA:76,12,0,6
BRDA:76,12,1,3
BRDA:78,13,0,3
BRDA:78,13,1,3
BRDA:80,14,0,3
BRDA:80,14,1,0
BRDA:84,15,0,2
BRDA:84,15,1,1
BRDA:86,16,0,2
BRDA:86,16,1,0
BRDA:101,17,0,2
BRDA:101,17,1,1
BRF:35
BRH:21
end_of_record
